0 info it worked if it ends with ok
1 verbose cli [ 'C:\\Program Files (x86)\\nodejs\\node.exe',
1 verbose cli   'C:\\Program Files (x86)\\nodejs\\node_modules\\npm\\bin\\npm-cli.js',
1 verbose cli   'run',
1 verbose cli   'dev' ]
2 info using npm@3.10.8
3 info using node@v6.9.1
4 verbose run-script [ 'predev', 'dev', 'postdev' ]
5 info lifecycle multi-page-scaffold@0.2.0~predev: multi-page-scaffold@0.2.0
6 silly lifecycle multi-page-scaffold@0.2.0~predev: no script for predev, continuing
7 info lifecycle multi-page-scaffold@0.2.0~dev: multi-page-scaffold@0.2.0
8 verbose lifecycle multi-page-scaffold@0.2.0~dev: unsafe-perm in lifecycle true
9 verbose lifecycle multi-page-scaffold@0.2.0~dev: PATH: C:\Program Files (x86)\nodejs\node_modules\npm\bin\node-gyp-bin;E:\web-item\webpack\multi-page-scaffold\node_modules\.bin;C:\Program Files (x86)\Common Files\NetSarang;D:\Program Files (x86)\apache-maven-3.2.1\bin;C:\Windows\system32;C:\Windows;C:\Windows\System32\Wbem;C:\Windows\System32\WindowsPowerShell\v1.0\;C:\Program Files (x86)\MySQL\MySQL Server 5.0\bin;C:\Program Files\TortoiseSVN\bin;C:\Program Files\Java\jdk1.7.0_75\bin;C:\Program Files (x86)\Common Files\NetSarang;D:\Program Files (x86)\apache-maven-3.2.1\bin;C:\Windows\system32;C:\Windows;C:\Windows\System32\Wbem;C:\Windows\System32\WindowsPowerShell\v1.0\;C:\Program Files (x86)\MySQL\MySQL Server 5.0\bin;C:\Program Files\TortoiseSVN\bin;C:\Program Files\Java\jdk1.7.0_75\bin;C:\Program Files (x86)\Common Files\NetSarang;D:\Program Files (x86)\apache-maven-3.2.1\bin;C:\Windows\system32;C:\Windows;C:\Windows\System32\Wbem;C:\Windows\System32\WindowsPowerShell\v1.0\;C:\Program Files (x86)\MySQL\MySQL Server 5.0\bin;C:\Program Files\TortoiseSVN\bin;C:\Program Files\Java\jdk1.7.0_75\bin;C:\Windows\System32;.;%ANDROID_SDK_HOME%\platform-tools;%ANDROID_SDK_HOME%\tools;C:\Program Files\Java\jdk1.7.0_75\bin;C:\Program Files\Java\jdk1.7.0_75\jre\bin;C:\Program Files (x86)\nodejs\npm;C:\Program Files\nodejs\node_global\;C:\Program Files (x86)\nodejs\;C:\Program Files\Git\cmd;.;%ANDROID_SDK_HOME%\platform-tools;%ANDROID_SDK_HOME%\tools;C:\Program Files\Java\jdk1.7.0_75\bin;C:\Program Files\Java\jdk1.7.0_75\jre\bin;C:\Program Files (x86)\nodejs\npm;C:\Program Files\nodejs\node_global\;C:\Program Files (x86)\nodejs\;C:\Program Files\Git\cmd;.;%ANDROID_SDK_HOME%\platform-tools;%ANDROID_SDK_HOME%\tools;C:\Program Files\Java\jdk1.7.0_75\bin;C:\Program Files\Java\jdk1.7.0_75\jre\bin;C:\Program Files (x86)\nodejs\npm;C:\Program Files\nodejs\node_global\;C:\Program Files (x86)\nodejs\;C:\Program Files\Git\cmd;C:\Users\Administrator\AppData\Roaming\npm;C:\Program Files (x86)\Microsoft VS Code\bin
10 verbose lifecycle multi-page-scaffold@0.2.0~dev: CWD: E:\web-item\webpack\multi-page-scaffold
11 silly lifecycle multi-page-scaffold@0.2.0~dev: Args: [ '/d /s /c',
11 silly lifecycle   'cross-env ENV=DEV webpack-dev-server --inline --hot --quiet --progress --content-base dist/html  --host 127.0.0.1 --port 8090 --open' ]
12 silly lifecycle multi-page-scaffold@0.2.0~dev: Returned: code: 3221225786  signal: null
13 info lifecycle multi-page-scaffold@0.2.0~dev: Failed to exec dev script
14 verbose stack Error: multi-page-scaffold@0.2.0 dev: `cross-env ENV=DEV webpack-dev-server --inline --hot --quiet --progress --content-base dist/html  --host 127.0.0.1 --port 8090 --open`
14 verbose stack Exit status 3221225786
14 verbose stack     at EventEmitter.<anonymous> (C:\Program Files (x86)\nodejs\node_modules\npm\lib\utils\lifecycle.js:255:16)
14 verbose stack     at emitTwo (events.js:106:13)
14 verbose stack     at EventEmitter.emit (events.js:191:7)
14 verbose stack     at ChildProcess.<anonymous> (C:\Program Files (x86)\nodejs\node_modules\npm\lib\utils\spawn.js:40:14)
14 verbose stack     at emitTwo (events.js:106:13)
14 verbose stack     at ChildProcess.emit (events.js:191:7)
14 verbose stack     at maybeClose (internal/child_process.js:877:16)
14 verbose stack     at Process.ChildProcess._handle.onexit (internal/child_process.js:226:5)
15 verbose pkgid multi-page-scaffold@0.2.0
16 verbose cwd E:\web-item\webpack\multi-page-scaffold
17 error Windows_NT 6.1.7601
18 error argv "C:\\Program Files (x86)\\nodejs\\node.exe" "C:\\Program Files (x86)\\nodejs\\node_modules\\npm\\bin\\npm-cli.js" "run" "dev"
19 error node v6.9.1
20 error npm  v3.10.8
21 error code ELIFECYCLE
22 error multi-page-scaffold@0.2.0 dev: `cross-env ENV=DEV webpack-dev-server --inline --hot --quiet --progress --content-base dist/html  --host 127.0.0.1 --port 8090 --open`
22 error Exit status 3221225786
23 error Failed at the multi-page-scaffold@0.2.0 dev script 'cross-env ENV=DEV webpack-dev-server --inline --hot --quiet --progress --content-base dist/html  --host 127.0.0.1 --port 8090 --open'.
23 error Make sure you have the latest version of node.js and npm installed.
23 error If you do, this is most likely a problem with the multi-page-scaffold package,
23 error not with npm itself.
23 error Tell the author that this fails on your system:
23 error     cross-env ENV=DEV webpack-dev-server --inline --hot --quiet --progress --content-base dist/html  --host 127.0.0.1 --port 8090 --open
23 error You can get information on how to open an issue for this project with:
23 error     npm bugs multi-page-scaffold
23 error Or if that isn't available, you can get their info via:
23 error     npm owner ls multi-page-scaffold
23 error There is likely additional logging output above.
24 verbose exit [ 1, true ]
